build/app/intermediates/manifest_merge_blame_file/release/manifest-merger-blame-release-report.txt
1<?xml version="1.0" encoding="utf-8"?>
2<manifest xmlns:android="http://schemas.android.com/apk/res/android"
3    package="com.example.robustremedy"
4    android:versionCode="1"
5    android:versionName="1.0.0" >
6
7    <uses-sdk
8        android:minSdkVersion="16"
8-->src/main/AndroidManifest.xml
9        android:targetSdkVersion="28" />
9-->src/main/AndroidManifest.xml
10
11    <uses-permission android:name="android.permission.INTERNET" />
11-->src/main/AndroidManifest.xml:4:5-66
11-->src/main/AndroidManifest.xml:4:22-64
12    <uses-permission android:name="android.permission.ACCESS_FINE_LOCATION" />
12-->src/main/AndroidManifest.xml:5:5-6:66
12-->src/main/AndroidManifest.xml:6:9-63
13    <uses-permission android:name="android.permission.ACCESS_COARSE_LOCATION" />
13-->src/main/AndroidManifest.xml:7:5-8:68
13-->src/main/AndroidManifest.xml:8:9-65
14    <uses-permission android:name="android.permission.READ_EXTERNAL_STORAGE" />
14-->[:file_picker] AndroidManifest.xml:7:5-80
14-->[:file_picker] AndroidManifest.xml:7:22-77
15    <uses-permission android:name="android.permission.RECEIVE_BOOT_COMPLETED" />
15-->[:flutter_local_notifications] AndroidManifest.xml:7:5-81
15-->[:flutter_local_notifications] AndroidManifest.xml:7:22-78
16    <uses-permission android:name="android.permission.VIBRATE" />
16-->[:flutter_local_notifications] AndroidManifest.xml:8:5-66
16-->[:flutter_local_notifications] AndroidManifest.xml:8:22-63
17    <uses-permission android:name="android.permission.USE_FULL_SCREEN_INTENT" />
17-->[:flutter_local_notifications] AndroidManifest.xml:9:5-81
17-->[:flutter_local_notifications] AndroidManifest.xml:9:22-78
18    <uses-permission android:name="android.permission.ACCESS_NETWORK_STATE" />
18-->[:connectivity] AndroidManifest.xml:7:5-79
18-->[:connectivity] AndroidManifest.xml:7:22-76
19    <uses-permission android:name="android.permission.ACCESS_WIFI_STATE" />
19-->[:connectivity] AndroidManifest.xml:8:5-76
19-->[:connectivity] AndroidManifest.xml:8:22-73
20    <!--
21 io.flutter.app.FlutterApplication is an android.app.Application that
22         calls FlutterMain.startInitialization(this); in its onCreate method.
23         In most cases you can leave this as-is, but you if you want to provide
24         additional functionality it is fine to subclass or reimplement
25         FlutterApplication and put your custom class here.
26    -->
27    <application
27-->src/main/AndroidManifest.xml:14:5-57:19
28        android:name="io.flutter.app.FlutterApplication"
28-->src/main/AndroidManifest.xml:16:9-57
29        android:appComponentFactory="androidx.core.app.CoreComponentFactory"
29-->[androidx.core:core:1.5.0-beta01] AndroidManifest.xml:24:18-86
30        android:icon="@mipmap/ic_launcher"
30-->src/main/AndroidManifest.xml:18:9-43
31        android:label="Family Medical Company" >
31-->src/main/AndroidManifest.xml:17:9-47
32        <activity
32-->src/main/AndroidManifest.xml:19:9-51:20
33            android:name="com.example.robustremedy.MainActivity"
33-->src/main/AndroidManifest.xml:20:13-41
34            android:configChanges="orientation|keyboardHidden|keyboard|screenSize|smallestScreenSize|locale|layoutDirection|fontScale|screenLayout|density|uiMode"
34-->src/main/AndroidManifest.xml:23:13-163
35            android:hardwareAccelerated="true"
35-->src/main/AndroidManifest.xml:24:13-47
36            android:launchMode="singleTop"
36-->src/main/AndroidManifest.xml:21:13-43
37            android:theme="@style/LaunchTheme"
37-->src/main/AndroidManifest.xml:22:13-47
38            android:windowSoftInputMode="adjustResize" >
38-->src/main/AndroidManifest.xml:25:13-55
39
40            <!--
41                 Specifies an Android theme to apply to this Activity as soon as
42                 the Android process has started. This theme is visible to the user
43                 while the Flutter UI initializes. After that, this theme continues
44                 to determine the Window background behind the Flutter UI.
45            -->
46            <meta-data
46-->src/main/AndroidManifest.xml:30:13-33:17
47                android:name="io.flutter.embedding.android.NormalTheme"
47-->src/main/AndroidManifest.xml:31:15-70
48                android:resource="@style/NormalTheme" />
48-->src/main/AndroidManifest.xml:32:15-52
49
50            <!--
51                 Displays an Android View that continues showing the launch screen
52                 Drawable until Flutter paints its first frame, then this splash
53                 screen fades out. A splash screen is useful to avoid any visual
54                 gap between the end of Android's launch screen and the painting of
55                 Flutter's first frame.
56            -->
57            <meta-data
57-->src/main/AndroidManifest.xml:42:13-45:17
58                android:name="io.flutter.embedding.android.SplashScreenDrawable"
58-->src/main/AndroidManifest.xml:43:15-79
59                android:resource="@drawable/launch_background" />
59-->src/main/AndroidManifest.xml:44:15-61
60
61            <intent-filter>
61-->src/main/AndroidManifest.xml:47:13-50:29
62                <action android:name="android.intent.action.MAIN" />
62-->src/main/AndroidManifest.xml:48:17-68
62-->src/main/AndroidManifest.xml:48:25-66
63
64                <category android:name="android.intent.category.LAUNCHER" />
64-->src/main/AndroidManifest.xml:49:17-76
64-->src/main/AndroidManifest.xml:49:27-74
65            </intent-filter>
66        </activity>
67        <!--
68             Don't delete the meta-data below.
69             This is used by the Flutter tool to generate GeneratedPluginRegistrant.java
70        -->
71        <meta-data
71-->src/main/AndroidManifest.xml:54:9-56:33
72            android:name="flutterEmbedding"
72-->src/main/AndroidManifest.xml:55:13-44
73            android:value="2" />
73-->src/main/AndroidManifest.xml:56:13-30
74
75        <activity
75-->[:url_launcher] AndroidManifest.xml:8:9-11:74
76            android:name="io.flutter.plugins.urllauncher.WebViewActivity"
76-->[:url_launcher] AndroidManifest.xml:9:13-74
77            android:exported="false"
77-->[:url_launcher] AndroidManifest.xml:10:13-37
78            android:theme="@android:style/Theme.NoTitleBar.Fullscreen" />
78-->[:url_launcher] AndroidManifest.xml:11:13-71
79
80        <receiver android:name="com.dexterous.flutterlocalnotifications.ScheduledNotificationReceiver" />
80-->[:flutter_local_notifications] AndroidManifest.xml:12:9-106
80-->[:flutter_local_notifications] AndroidManifest.xml:12:19-103
81        <receiver android:name="com.dexterous.flutterlocalnotifications.ScheduledNotificationBootReceiver" >
81-->[:flutter_local_notifications] AndroidManifest.xml:13:9-20:20
81-->[:flutter_local_notifications] AndroidManifest.xml:13:19-107
82            <intent-filter>
82-->[:flutter_local_notifications] AndroidManifest.xml:14:13-19:29
83                <action android:name="android.intent.action.BOOT_COMPLETED" />
83-->[:flutter_local_notifications] AndroidManifest.xml:15:17-79
83-->[:flutter_local_notifications] AndroidManifest.xml:15:25-76
84                <action android:name="android.intent.action.MY_PACKAGE_REPLACED" />
84-->[:flutter_local_notifications] AndroidManifest.xml:16:17-84
84-->[:flutter_local_notifications] AndroidManifest.xml:16:25-81
85                <action android:name="android.intent.action.QUICKBOOT_POWERON" />
85-->[:flutter_local_notifications] AndroidManifest.xml:17:17-82
85-->[:flutter_local_notifications] AndroidManifest.xml:17:25-79
86                <action android:name="com.htc.intent.action.QUICKBOOT_POWERON" />
86-->[:flutter_local_notifications] AndroidManifest.xml:18:17-82
86-->[:flutter_local_notifications] AndroidManifest.xml:18:25-79
87            </intent-filter>
88        </receiver>
89
90        <provider
90-->[:share] AndroidManifest.xml:8:9-16:20
91            android:name="io.flutter.plugins.share.ShareFileProvider"
91-->[:share] AndroidManifest.xml:9:13-70
92            android:authorities="com.example.robustremedy.flutter.share_provider"
92-->[:share] AndroidManifest.xml:10:13-74
93            android:exported="false"
93-->[:share] AndroidManifest.xml:11:13-37
94            android:grantUriPermissions="true" >
94-->[:share] AndroidManifest.xml:12:13-47
95            <meta-data
95-->[:share] AndroidManifest.xml:13:13-15:68
96                android:name="android.support.FILE_PROVIDER_PATHS"
96-->[:share] AndroidManifest.xml:14:17-67
97                android:resource="@xml/flutter_share_file_paths" />
97-->[:share] AndroidManifest.xml:15:17-65
98        </provider>
99
100        <activity
100-->[com.google.android.gms:play-services-base:17.2.1] AndroidManifest.xml:23:9-26:75
101            android:name="com.google.android.gms.common.api.GoogleApiActivity"
101-->[com.google.android.gms:play-services-base:17.2.1] AndroidManifest.xml:24:13-79
102            android:exported="false"
102-->[com.google.android.gms:play-services-base:17.2.1] AndroidManifest.xml:25:13-37
103            android:theme="@android:style/Theme.Translucent.NoTitleBar" />
103-->[com.google.android.gms:play-services-base:17.2.1] AndroidManifest.xml:26:13-72
104
105        <meta-data
105-->[com.google.android.gms:play-services-basement:17.2.1] AndroidManifest.xml:23:9-25:69
106            android:name="com.google.android.gms.version"
106-->[com.google.android.gms:play-services-basement:17.2.1] AndroidManifest.xml:24:13-58
107            android:value="@integer/google_play_services_version" />
107-->[com.google.android.gms:play-services-basement:17.2.1] AndroidManifest.xml:25:13-66
108    </application>
109
110</manifest>